<?xml version="1.0" encoding="UTF-8"?>
<!-- Generated by org.testng.reporters.JUnitReportReporter -->
<testsuite skipped="0" hostname="IjazAyesha" name="testcases.TC001_CreateLead" tests="2" failures="0" timestamp="08 Apr 2018 07:05:57 GMT" time="46.052" errors="0">
  <testcase name="createLead" time="23.149" classname="testcases.TC001_CreateLead"/>
  <testcase name="createLead" time="22.903" classname="testcases.TC001_CreateLead"/>
</testsuite> <!-- testcases.TC001_CreateLead -->
