<?xml version="1.0" encoding="UTF-8"?>
<!-- Generated by org.testng.reporters.JUnitReportReporter -->
<testsuite skipped="0" hostname="IjazAyesha" name="testcases.TC003_EditLead" tests="1" failures="0" timestamp="08 Apr 2018 18:21:09 GMT" time="33.489" errors="0">
  <testcase name="EditLead" time="33.489" classname="testcases.TC003_EditLead"/>
</testsuite> <!-- testcases.TC003_EditLead -->
