<?xml version="1.0" encoding="UTF-8"?>
<!-- Generated by org.testng.reporters.JUnitReportReporter -->
<testsuite skipped="0" hostname="IjazAyesha" name="testcases.TC003_MergeLead" tests="1" failures="0" timestamp="08 Apr 2018 17:25:20 GMT" time="60.230" errors="0">
  <testcase name="mergeLead" time="60.230" classname="testcases.TC003_MergeLead"/>
</testsuite> <!-- testcases.TC003_MergeLead -->
